<?xml version="1.0" encoding="UTF-8"?>
<!-- Generated by org.testng.reporters.JUnitReportReporter -->
<testsuite skipped="0" hostname="LAPTOP-DPSP9O8F" name="com.googleAPI.testOne.put_googleAPI_testDemo" tests="1" failures="0" timestamp="18 Apr 2020 18:27:04 GMT" time="6.659" errors="0">
  <testcase name="validatePlaceID" time="6.659" classname="com.googleAPI.testOne.put_googleAPI_testDemo"/>
</testsuite> <!-- com.googleAPI.testOne.put_googleAPI_testDemo -->
