<?xml version="1.0" encoding="UTF-8"?>
<!-- Generated by org.testng.reporters.JUnitReportReporter -->
<testsuite skipped="0" hostname="LAPTOP-DPSP9O8F" name="com.googleAPI.testOne.nestedJsonConcept" tests="6" failures="0" timestamp="19 Apr 2020 10:39:37 GMT" time="0.785" errors="0">
  <testcase name="validateRespectiveCourseAndPrices" time="0.052" classname="com.googleAPI.testOne.nestedJsonConcept"/>
  <testcase name="validateNumberOfCoursesInPayload" time="0.585" classname="com.googleAPI.testOne.nestedJsonConcept"/>
  <testcase name="validatefirstTitle" time="0.012" classname="com.googleAPI.testOne.nestedJsonConcept"/>
  <testcase name="validateRPACourseCopies" time="0.055" classname="com.googleAPI.testOne.nestedJsonConcept"/>
  <testcase name="validateSumofAllCourses" time="0.073" classname="com.googleAPI.testOne.nestedJsonConcept"/>
  <testcase name="validatePurchaseAmount" time="0.008" classname="com.googleAPI.testOne.nestedJsonConcept"/>
</testsuite> <!-- com.googleAPI.testOne.nestedJsonConcept -->
