<?xml version="1.0" encoding="UTF-8"?>
<!-- Generated by org.testng.reporters.JUnitReportReporter -->
<testsuite skipped="0" hostname="LAPTOP-DPSP9O8F" name="com.googleAPI.handlingDynamicAPI.handlingStaticJson" tests="1" failures="0" timestamp="19 Apr 2020 16:33:03 GMT" time="1.853" errors="0">
  <testcase name="staticJsonPayload" time="1.853" classname="com.googleAPI.handlingDynamicAPI.handlingStaticJson"/>
</testsuite> <!-- com.googleAPI.handlingDynamicAPI.handlingStaticJson -->
