<?xml version="1.0" encoding="UTF-8"?>
<!-- Generated by org.testng.reporters.JUnitReportReporter -->
<testsuite skipped="0" hostname="LAPTOP-DPSP9O8F" name="com.googleAPI.practiceDemo.EndTOEnd_Validations" tests="1" failures="0" timestamp="19 Apr 2020 06:56:23 GMT" time="2.383" errors="0">
  <testcase name="verifyUpdatedValuesUsingAllMethods" time="2.383" classname="com.googleAPI.practiceDemo.EndTOEnd_Validations"/>
</testsuite> <!-- com.googleAPI.practiceDemo.EndTOEnd_Validations -->
