<?xml version="1.0" encoding="UTF-8"?>
<!-- Generated by org.testng.reporters.JUnitReportReporter -->
<testsuite skipped="0" hostname="LAPTOP-DPSP9O8F" name="com.googleAPI.testOne.googleAPIDemo" tests="1" failures="0" timestamp="18 Apr 2020 17:59:23 GMT" time="2.565" errors="0">
  <testcase name="getParticularStringValueUsingJsonPath" time="2.565" classname="com.googleAPI.testOne.googleAPIDemo"/>
</testsuite> <!-- com.googleAPI.testOne.googleAPIDemo -->
